<?xml version="1.0" encoding="UTF-8"?>
<!-- Generated by org.testng.reporters.JUnitReportReporter -->
<testsuite hostname="Andrew" failures="0" tests="5" name="testng.CustomerModule" time="0.017" errors="0" timestamp="2023-08-15T12:57:32 IST" skipped="0">
  <testcase classname="testng.CustomerModule" name="createCustomer" time="0.012">
    <system-out>
      <![CDATA[Create Customer]]>
    </system-out>
  </testcase> <!-- createCustomer -->
  <testcase classname="testng.CustomerModule" name="createCustomer" time="0.002">
    <system-out>
      <![CDATA[Create Customer]]>
    </system-out>
  </testcase> <!-- createCustomer -->
  <testcase classname="testng.CustomerModule" name="createCustomer" time="0.001">
    <system-out>
      <![CDATA[Create Customer]]>
    </system-out>
  </testcase> <!-- createCustomer -->
  <testcase classname="testng.CustomerModule" name="modifyCustomer" time="0.000">
    <system-out>
      <![CDATA[Modify Customer]]>
    </system-out>
  </testcase> <!-- modifyCustomer -->
  <testcase classname="testng.CustomerModule" name="deleteCustomer" time="0.002">
    <system-out>
      <![CDATA[Delete Customer]]>
    </system-out>
  </testcase> <!-- deleteCustomer -->
  <system-out>
    <![CDATA[Create Customer
Create Customer
Create Customer
Modify Customer
Delete Customer]]>
  </system-out>
</testsuite> <!-- testng.CustomerModule -->
