<?xml version="1.0" encoding="UTF-8"?>
<!-- Generated by org.testng.reporters.JUnitReportReporter -->
<testsuite hostname="Andrew" failures="0" tests="4" name="testng.Examplemodule" time="0.033" errors="0" timestamp="2023-07-16T15:22:39 IST" skipped="0">
  <testcase classname="testng.Examplemodule" name="registercustomer" time="0.003">
    <system-out>
      <![CDATA[registercustomer]]>
    </system-out>
  </testcase> <!-- registercustomer -->
  <testcase classname="testng.Examplemodule" name="deletecustomer" time="0.011">
    <system-out>
      <![CDATA[deletecustomer]]>
    </system-out>
  </testcase> <!-- deletecustomer -->
  <testcase classname="testng.Examplemodule" name="editcustomer" time="0.016">
    <system-out>
      <![CDATA[editcustomer]]>
    </system-out>
  </testcase> <!-- editcustomer -->
  <testcase classname="testng.Examplemodule" name="editcustomer" time="0.003">
    <system-out>
      <![CDATA[editcustomer]]>
    </system-out>
  </testcase> <!-- editcustomer -->
  <system-out>
    <![CDATA[login
deletecustomer
logout
login
registercustomer
logout
login
editcustomer
logout
login
editcustomer
logout]]>
  </system-out>
</testsuite> <!-- testng.Examplemodule -->
