<?xml version="1.0" encoding="UTF-8"?>
<!-- Generated by org.testng.reporters.JUnitReportReporter -->
<testsuite hostname="Andrew" failures="0" tests="2" name="testng.CustomerModule1" time="0.013" errors="0" timestamp="2023-07-13T23:41:41 IST" skipped="0">
  <testcase classname="testng.CustomerModule1" name="CreateCustomer" time="0.006">
    <system-out>
      <![CDATA[CreateCustomer]]>
    </system-out>
  </testcase> <!-- CreateCustomer -->
  <testcase classname="testng.CustomerModule1" name="ModifyCustomer" time="0.007">
    <system-out>
      <![CDATA[ModifyCustomer]]>
    </system-out>
  </testcase> <!-- ModifyCustomer -->
  <system-out>
    <![CDATA[login
CreateCustomer
logout
login
ModifyCustomer
logout]]>
  </system-out>
</testsuite> <!-- testng.CustomerModule1 -->
