<?xml version="1.0" encoding="UTF-8"?>
<!-- Generated by org.testng.reporters.JUnitReportReporter -->
<testsuite hostname="Andrew" failures="0" tests="1" name="testng.ScreenShotEx" time="9.230" errors="0" timestamp="2023-07-17T20:21:23 IST" skipped="0">
  <testcase classname="testng.ScreenShotEx" name="takescreenshot" time="9.230"/>
</testsuite> <!-- testng.ScreenShotEx -->
