<?xml version="1.0" encoding="UTF-8"?>
<!-- Generated by org.testng.reporters.JUnitReportReporter -->
<testsuite hostname="Andrew" failures="0" tests="4" name="testng.CustomerModule2" time="0.027" errors="0" timestamp="2023-07-10T23:47:52 IST" skipped="0">
  <testcase classname="testng.CustomerModule2" name="RegisterCustomer" time="0.002">
    <system-out>
      <![CDATA[RegisterCustomer]]>
    </system-out>
  </testcase> <!-- RegisterCustomer -->
  <testcase classname="testng.CustomerModule2" name="DeleteCustomer" time="0.019">
    <system-out>
      <![CDATA[DeleteCustomer]]>
    </system-out>
  </testcase> <!-- DeleteCustomer -->
  <testcase classname="testng.CustomerModule2" name="editcustomer" time="0.003">
    <system-out>
      <![CDATA[editcustomer]]>
    </system-out>
  </testcase> <!-- editcustomer -->
  <testcase classname="testng.CustomerModule2" name="editcustomer" time="0.003">
    <system-out>
      <![CDATA[editcustomer]]>
    </system-out>
  </testcase> <!-- editcustomer -->
  <system-out>
    <![CDATA[Login
DeleteCustomer
Logout
Login
RegisterCustomer
Logout
Login
editcustomer
Logout
Login
editcustomer
Logout]]>
  </system-out>
</testsuite> <!-- testng.CustomerModule2 -->
